
==============
[*] WHOIS Lookup [*]
==============

NetRange:       8.8.8.0 - 8.8.8.255
CIDR:           8.8.8.0/24
NetName:        GOGL
NetHandle:      NET-8-8-8-0-2
Parent:         NET8 (NET-8-0-0-0-0)
NetType:        Direct Allocation
OriginAS:       
Organization:   Google LLC (GOGL)
RegDate:        2023-12-28
Updated:        2023-12-28
Ref:            https://rdap.arin.net/registry/ip/8.8.8.0
OrgName:        Google LLC
OrgId:          GOGL
Address:        1600 Amphitheatre Parkway
City:           Mountain View
StateProv:      CA
PostalCode:     94043
Country:        US
RegDate:        2000-03-30
Updated:        2019-10-31
Comment:        Please note that the recommended way to file abuse complaints are located in the following links. 
Comment:        
Comment:        To report abuse and illegal activity: https://www.google.com/contact/
Comment:        
Comment:        For legal requests: http://support.google.com/legal 
Comment:        
Comment:        Regards, 
Comment:        The Google Team
Ref:            https://rdap.arin.net/registry/entity/GOGL
OrgAbuseHandle: ABUSE5250-ARIN
OrgAbuseName:   Abuse
OrgAbusePhone:  +1-650-253-0000 
OrgAbuseEmail:  network-abuse@google.com
OrgAbuseRef:    https://rdap.arin.net/registry/entity/ABUSE5250-ARIN
OrgTechHandle: ZG39-ARIN
OrgTechName:   Google LLC
OrgTechPhone:  +1-650-253-0000 
OrgTechEmail:  arin-contact@google.com
OrgTechRef:    https://rdap.arin.net/registry/entity/ZG39-ARIN

==============
[*] Nmap Scan [*]
==============

Starting Nmap 7.91 ( https://nmap.org ) at 2025-08-17 08:08 PDT
Nmap scan report for dns.google (8.8.8.8)
Host is up (0.028s latency).
Not shown: 994 filtered ports
PORT     STATE  SERVICE     VERSION
53/tcp   open   tcpwrapped
80/tcp   open   http?
113/tcp  closed ident
443/tcp  open   ssl/https   HTTP server (unknown)
| fingerprint-strings: 
|   GetRequest: 
|     HTTP/1.0 302 Found
|     Cross-Origin-Opener-Policy-Report-Only: same-origin; report-to=coop_reporting
|     Report-To: {"group":"honestdns-fe","max_age":2592000,"endpoints":[{"url":"https://csp.withgoogle.com/csp/report-to/httpsserver2/honestdns-fe"}]}
|     Content-Security-Policy-Report-Only: script-src 'none';form-action 'none';frame-src 'none'; report-uri https://csp.withgoogle.com/csp/httpsserver2/honestdns-fe
|     X-Content-Type-Options: nosniff
|     Access-Control-Allow-Origin: *
|     Location: https://dns.google/
|     Date: Sun, 17 Aug 2025 15:08:18 GMT
|     Content-Type: text/html; charset=UTF-8
|     Server: HTTP server (unknown)
|     Content-Length: 216
|     X-XSS-Protection: 0
|     X-Frame-Options: SAMEORIGIN
|     Alt-Svc: h3=":443"; ma=2592000,h3-29=":443"; ma=2592000
|     <HTML><HEAD><meta http-equiv="content-type" content="text/html;charset=utf-8">
|     <TITLE>302 Moved</TITLE></HEAD><BODY>
|     <H1>302 Moved</H1>
|     document has moved
|   HTTPOptions: 
|     HTTP/1.0 302 Found
|     Cross-Origin-Opener-Policy-Report-Only: same-origin; report-to=coop_reporting
|     Report-To: {"group":"honestdns-fe","max_age":2592000,"endpoints":[{"url":"https://csp.withgoogle.com/csp/report-to/httpsserver2/honestdns-fe"}]}
|     Content-Security-Policy-Report-Only: script-src 'none';form-action 'none';frame-src 'none'; report-uri https://csp.withgoogle.com/csp/httpsserver2/honestdns-fe
|     X-Content-Type-Options: nosniff
|     Location: https://dns.google/
|     Date: Sun, 17 Aug 2025 15:08:18 GMT
|     Content-Type: text/html; charset=UTF-8
|     Server: HTTP server (unknown)
|     Content-Length: 216
|     X-XSS-Protection: 0
|     X-Frame-Options: SAMEORIGIN
|     Alt-Svc: h3=":443"; ma=2592000,h3-29=":443"; ma=2592000
|     <HTML><HEAD><meta http-equiv="content-type" content="text/html;charset=utf-8">
|     <TITLE>302 Moved</TITLE></HEAD><BODY>
|     <H1>302 Moved</H1>
|     document has moved
|_    HREF="https://dns.google/">her
| http-server-header: 
|   HTTP server (unknown)
|_  scaffolding on HTTPServer2
|_http-title: Google Public DNS
| ssl-cert: Subject: commonName=dns.google
| Subject Alternative Name: DNS:dns.google, DNS:dns.google.com, DNS:*.dns.google.com, DNS:8888.google, DNS:dns64.dns.google, IP Address:8.8.8.8, IP Address:8.8.4.4, IP Address:2001:4860:4860:0:0:0:0:8888, IP Address:2001:4860:4860:0:0:0:0:8844, IP Address:2001:4860:4860:0:0:0:0:6464, IP Address:2001:4860:4860:0:0:0:0:64
| Not valid before: 2025-07-07T08:35:58
|_Not valid after:  2025-09-29T08:35:57
2000/tcp open   cisco-sccp?
5060/tcp open   sip?
1 service unrecognized despite returning data. If you know the service/version, please submit the following fingerprint at https://nmap.org/cgi-bin/submit.cgi?new-service :
SF-Port443-TCP:V=7.91%T=SSL%I=7%D=8/17%Time=68A1F062%P=x86_64-pc-linux-gnu
SF:%r(GetRequest,3BC,"HTTP/1\.0\x20302\x20Found\r\nCross-Origin-Opener-Pol
SF:icy-Report-Only:\x20same-origin;\x20report-to=coop_reporting\r\nReport-
SF:To:\x20{\"group\":\"honestdns-fe\",\"max_age\":2592000,\"endpoints\":\[
SF:{\"url\":\"https://csp\.withgoogle\.com/csp/report-to/httpsserver2/hone
SF:stdns-fe\"}\]}\r\nContent-Security-Policy-Report-Only:\x20script-src\x2
SF:0'none';form-action\x20'none';frame-src\x20'none';\x20report-uri\x20htt
SF:ps://csp\.withgoogle\.com/csp/httpsserver2/honestdns-fe\r\nX-Content-Ty
SF:pe-Options:\x20nosniff\r\nAccess-Control-Allow-Origin:\x20\*\r\nLocatio
SF:n:\x20https://dns\.google/\r\nDate:\x20Sun,\x2017\x20Aug\x202025\x2015:
SF:08:18\x20GMT\r\nContent-Type:\x20text/html;\x20charset=UTF-8\r\nServer:
SF:\x20HTTP\x20server\x20\(unknown\)\r\nContent-Length:\x20216\r\nX-XSS-Pr
SF:otection:\x200\r\nX-Frame-Options:\x20SAMEORIGIN\r\nAlt-Svc:\x20h3=\":4
SF:43\";\x20ma=2592000,h3-29=\":443\";\x20ma=2592000\r\n\r\n<HTML><HEAD><m
SF:eta\x20http-equiv=\"content-type\"\x20content=\"text/html;charset=utf-8
SF:\">\n<TITLE>302\x20Moved</TITLE></HEAD><BODY>\n<H1>302\x20Moved</H1>\nT
SF:he\x20document\x20has\x20moved\n<")%r(HTTPOptions,39C,"HTTP/1\.0\x20302
SF:\x20Found\r\nCross-Origin-Opener-Policy-Report-Only:\x20same-origin;\x2
SF:0report-to=coop_reporting\r\nReport-To:\x20{\"group\":\"honestdns-fe\",
SF:\"max_age\":2592000,\"endpoints\":\[{\"url\":\"https://csp\.withgoogle\
SF:.com/csp/report-to/httpsserver2/honestdns-fe\"}\]}\r\nContent-Security-
SF:Policy-Report-Only:\x20script-src\x20'none';form-action\x20'none';frame
SF:-src\x20'none';\x20report-uri\x20https://csp\.withgoogle\.com/csp/https
SF:server2/honestdns-fe\r\nX-Content-Type-Options:\x20nosniff\r\nLocation:
SF:\x20https://dns\.google/\r\nDate:\x20Sun,\x2017\x20Aug\x202025\x2015:08
SF::18\x20GMT\r\nContent-Type:\x20text/html;\x20charset=UTF-8\r\nServer:\x
SF:20HTTP\x20server\x20\(unknown\)\r\nContent-Length:\x20216\r\nX-XSS-Prot
SF:ection:\x200\r\nX-Frame-Options:\x20SAMEORIGIN\r\nAlt-Svc:\x20h3=\":443
SF:\";\x20ma=2592000,h3-29=\":443\";\x20ma=2592000\r\n\r\n<HTML><HEAD><met
SF:a\x20http-equiv=\"content-type\"\x20content=\"text/html;charset=utf-8\"
SF:>\n<TITLE>302\x20Moved</TITLE></HEAD><BODY>\n<H1>302\x20Moved</H1>\nThe
SF:\x20document\x20has\x20moved\n<A\x20HREF=\"https://dns\.google/\">her");
Device type: general purpose|VoIP phone
Running (JUST GUESSING): Linux 3.X|2.6.X (94%), Grandstream embedded (86%)
OS CPE: cpe:/o:linux:linux_kernel:3 cpe:/h:grandstream:gxv3275 cpe:/o:linux:linux_kernel:2.6
Aggressive OS guesses: Linux 3.2 - 3.8 (94%), Grandstream GXV3275 video phone (86%), Linux 3.6 (86%), Linux 2.6.32 - 2.6.33 (85%), Linux 3.3 (85%)
No exact OS matches for host (test conditions non-ideal).
Network Distance: 3 hops

TRACEROUTE (using port 113/tcp)
HOP RTT      ADDRESS
1   1.00 ms  172.21.29.1
2   27.52 ms 10.10.7.153
3   27.69 ms dns.google (8.8.8.8)

OS and Service detection performed. Please report any incorrect results at https://nmap.org/submit/ .
Nmap done: 1 IP address (1 host up) scanned in 296.70 seconds

==============
[*] DNS Lookup [*]
==============

8.8.8.8.in-addr.arpa domain name pointer dns.google.
